<?xml version="1.0" encoding="UTF-8"?>
<!-- Generated by org.testng.reporters.JUnitReportReporter -->
<testsuite hostname="DESKTOP-KI70BF0" failures="0" tests="1" name="pl.edu.agh.kis.pz1.RankTest" time="0.001" errors="0" timestamp="2021-11-28T13:09:50 CET" skipped="0">
  <testcase classname="pl.edu.agh.kis.pz1.RankTest" name="testGetValue" time="0.001"/>
  <system-out/>
</testsuite> <!-- pl.edu.agh.kis.pz1.RankTest -->
