<?xml version="1.0" encoding="UTF-8"?>
<!-- Generated by org.testng.reporters.JUnitReportReporter -->
<testsuite hostname="DESKTOP-KI70BF0" failures="0" tests="33" name="pl.edu.agh.kis.pz1.PlayerHandTest" time="0.823" errors="0" timestamp="2021-11-28T13:09:50 CET" skipped="0">
  <testcase classname="pl.edu.agh.kis.pz1.PlayerHandTest" name="testCheckHand6" time="0.018"/>
  <system-out/>
  <testcase classname="pl.edu.agh.kis.pz1.PlayerHandTest" name="testCheckPair4" time="0.022"/>
  <system-out/>
  <testcase classname="pl.edu.agh.kis.pz1.PlayerHandTest" name="testCheckHouse3" time="0.027"/>
  <system-out/>
  <testcase classname="pl.edu.agh.kis.pz1.PlayerHandTest" name="testCheckHouse" time="0.020"/>
  <system-out/>
  <testcase classname="pl.edu.agh.kis.pz1.PlayerHandTest" name="testCheckPair3" time="0.022"/>
  <system-out/>
  <testcase classname="pl.edu.agh.kis.pz1.PlayerHandTest" name="testCheckThree2" time="0.028"/>
  <system-out/>
  <testcase classname="pl.edu.agh.kis.pz1.PlayerHandTest" name="testCheckHand7" time="0.019"/>
  <system-out/>
  <testcase classname="pl.edu.agh.kis.pz1.PlayerHandTest" name="testCheckFlush" time="0.014"/>
  <system-out/>
  <testcase classname="pl.edu.agh.kis.pz1.PlayerHandTest" name="testHighestCard" time="0.032"/>
  <system-out/>
  <testcase classname="pl.edu.agh.kis.pz1.PlayerHandTest" name="testCheckHand8" time="0.019"/>
  <system-out/>
  <testcase classname="pl.edu.agh.kis.pz1.PlayerHandTest" name="testCheckThree3" time="0.029"/>
  <system-out/>
  <testcase classname="pl.edu.agh.kis.pz1.PlayerHandTest" name="testCheckPair5" time="0.023"/>
  <system-out/>
  <testcase classname="pl.edu.agh.kis.pz1.PlayerHandTest" name="testCheckPair2" time="0.021"/>
  <system-out/>
  <testcase classname="pl.edu.agh.kis.pz1.PlayerHandTest" name="testCheckHand4" time="0.017"/>
  <system-out/>
  <testcase classname="pl.edu.agh.kis.pz1.PlayerHandTest" name="testCheckPair" time="0.036"/>
  <system-out/>
  <testcase classname="pl.edu.agh.kis.pz1.PlayerHandTest" name="testCheckHand9" time="0.019"/>
  <system-out/>
  <testcase classname="pl.edu.agh.kis.pz1.PlayerHandTest" name="testCheckFour3" time="0.015"/>
  <system-out/>
  <testcase classname="pl.edu.agh.kis.pz1.PlayerHandTest" name="testCheckTwoPair3" time="0.039"/>
  <system-out/>
  <testcase classname="pl.edu.agh.kis.pz1.PlayerHandTest" name="testCheckThree4" time="0.031"/>
  <system-out/>
  <testcase classname="pl.edu.agh.kis.pz1.PlayerHandTest" name="testCheckHand5" time="0.018"/>
  <system-out/>
  <testcase classname="pl.edu.agh.kis.pz1.PlayerHandTest" name="testCheckThree" time="0.023"/>
  <system-out/>
  <testcase classname="pl.edu.agh.kis.pz1.PlayerHandTest" name="testCheckHand" time="0.033"/>
  <system-out/>
  <testcase classname="pl.edu.agh.kis.pz1.PlayerHandTest" name="testCheckTwoPair2" time="0.039"/>
  <system-out/>
  <testcase classname="pl.edu.agh.kis.pz1.PlayerHandTest" name="testCheckStraight" time="0.038"/>
  <system-out/>
  <testcase classname="pl.edu.agh.kis.pz1.PlayerHandTest" name="testCheckHand3" time="0.017"/>
  <system-out/>
  <testcase classname="pl.edu.agh.kis.pz1.PlayerHandTest" name="testCheckFlush2" time="0.024"/>
  <system-out/>
  <testcase classname="pl.edu.agh.kis.pz1.PlayerHandTest" name="testCheckTwoPair4" time="0.039"/>
  <system-out/>
  <testcase classname="pl.edu.agh.kis.pz1.PlayerHandTest" name="testCheckHand2" time="0.016"/>
  <system-out/>
  <testcase classname="pl.edu.agh.kis.pz1.PlayerHandTest" name="testCheckHouse2" time="0.026"/>
  <system-out/>
  <testcase classname="pl.edu.agh.kis.pz1.PlayerHandTest" name="testCheckTwoPair" time="0.028"/>
  <system-out/>
  <testcase classname="pl.edu.agh.kis.pz1.PlayerHandTest" name="testCheckFour" time="0.033"/>
  <system-out/>
  <testcase classname="pl.edu.agh.kis.pz1.PlayerHandTest" name="testCheckHand10" time="0.024"/>
  <system-out/>
  <testcase classname="pl.edu.agh.kis.pz1.PlayerHandTest" name="testCheckFour2" time="0.014"/>
  <system-out/>
</testsuite> <!-- pl.edu.agh.kis.pz1.PlayerHandTest -->
