<?xml version="1.0" encoding="UTF-8"?>
<!-- Generated by org.testng.reporters.JUnitReportReporter -->
<testsuite hostname="DESKTOP-KI70BF0" failures="0" tests="2" name="pl.edu.agh.kis.pz1.DeckTest" time="0.276" errors="0" timestamp="2021-11-28T13:09:50 CET" skipped="0">
  <testcase classname="pl.edu.agh.kis.pz1.DeckTest" name="testFactory" time="0.137"/>
  <system-out/>
  <testcase classname="pl.edu.agh.kis.pz1.DeckTest" name="testShuffle" time="0.139"/>
  <system-out/>
</testsuite> <!-- pl.edu.agh.kis.pz1.DeckTest -->
