<?xml version="1.0" encoding="UTF-8"?>
<!-- Generated by org.testng.reporters.JUnitReportReporter -->
<testsuite hostname="DESKTOP-KI70BF0" failures="0" tests="3" name="pl.edu.agh.kis.pz1.MainModelTest" time="0.045" errors="0" timestamp="2021-11-28T13:09:50 CET" skipped="0">
  <testcase classname="pl.edu.agh.kis.pz1.MainModelTest" name="testSortPlayers" time="0.016"/>
  <system-out/>
  <testcase classname="pl.edu.agh.kis.pz1.MainModelTest" name="testcardShower" time="0.012"/>
  <system-out/>
  <testcase classname="pl.edu.agh.kis.pz1.MainModelTest" name="testSortCards" time="0.017"/>
  <system-out/>
</testsuite> <!-- pl.edu.agh.kis.pz1.MainModelTest -->
